<?xml version="1.0" encoding="UTF-8"?>
<testsuite xmlns:xsi="http://www.w3.org/2001/XMLSchema-instance" xsi:noNamespaceSchemaLocation="https://maven.apache.org/surefire/maven-surefire-plugin/xsd/surefire-test-report.xsd" name="org.apache.zookeeper.SaslAuthTest" time="34.756" tests="5" errors="1" skipped="0" failures="0">
  <properties>
    <property name="build.test.dir" value="/Users/liaosheng/project/apache-zookeeper-3.6.0/zookeeper-server/target/surefire"/>
    <property name="gopherProxySet" value="false"/>
    <property name="awt.toolkit" value="sun.lwawt.macosx.LWCToolkit"/>
    <property name="file.encoding.pkg" value="sun.io"/>
    <property name="java.specification.version" value="1.8"/>
    <property name="sun.cpu.isalist" value=""/>
    <property name="sun.jnu.encoding" value="UTF-8"/>
    <property name="java.class.path" value="/Users/liaosheng/project/apache-zookeeper-3.6.0/zookeeper-server/target/test-classes:/Users/liaosheng/project/apache-zookeeper-3.6.0/zookeeper-server/target/classes:/Users/liaosheng/.m2/repository/com/github/spotbugs/spotbugs-annotations/3.1.9/spotbugs-annotations-3.1.9.jar:/Users/liaosheng/.m2/repository/com/google/code/findbugs/jsr305/3.0.2/jsr305-3.0.2.jar:/Users/liaosheng/.m2/repository/org/hamcrest/hamcrest-all/1.3/hamcrest-all-1.3.jar:/Users/liaosheng/.m2/repository/commons-collections/commons-collections/3.2.2/commons-collections-3.2.2.jar:/Users/liaosheng/.m2/repository/commons-lang/commons-lang/2.6/commons-lang-2.6.jar:/Users/liaosheng/project/apache-zookeeper-3.6.0/zookeeper-jute/target/zookeeper-jute-3.6.0.jar:/Users/liaosheng/.m2/repository/commons-cli/commons-cli/1.2/commons-cli-1.2.jar:/Users/liaosheng/.m2/repository/org/apache/yetus/audience-annotations/0.5.0/audience-annotations-0.5.0.jar:/Users/liaosheng/.m2/repository/io/netty/netty-handler/4.1.45.Final/netty-handler-4.1.45.Final.jar:/Users/liaosheng/.m2/repository/io/netty/netty-common/4.1.45.Final/netty-common-4.1.45.Final.jar:/Users/liaosheng/.m2/repository/io/netty/netty-buffer/4.1.45.Final/netty-buffer-4.1.45.Final.jar:/Users/liaosheng/.m2/repository/io/netty/netty-transport/4.1.45.Final/netty-transport-4.1.45.Final.jar:/Users/liaosheng/.m2/repository/io/netty/netty-resolver/4.1.45.Final/netty-resolver-4.1.45.Final.jar:/Users/liaosheng/.m2/repository/io/netty/netty-codec/4.1.45.Final/netty-codec-4.1.45.Final.jar:/Users/liaosheng/.m2/repository/io/netty/netty-transport-native-epoll/4.1.45.Final/netty-transport-native-epoll-4.1.45.Final.jar:/Users/liaosheng/.m2/repository/io/netty/netty-transport-native-unix-common/4.1.45.Final/netty-transport-native-unix-common-4.1.45.Final.jar:/Users/liaosheng/.m2/repository/org/slf4j/slf4j-api/1.7.25/slf4j-api-1.7.25.jar:/Users/liaosheng/.m2/repository/org/slf4j/slf4j-log4j12/1.7.25/slf4j-log4j12-1.7.25.jar:/Users/liaosheng/.m2/repository/org/eclipse/jetty/jetty-server/9.4.24.v20191120/jetty-server-9.4.24.v20191120.jar:/Users/liaosheng/.m2/repository/javax/servlet/javax.servlet-api/3.1.0/javax.servlet-api-3.1.0.jar:/Users/liaosheng/.m2/repository/org/eclipse/jetty/jetty-http/9.4.24.v20191120/jetty-http-9.4.24.v20191120.jar:/Users/liaosheng/.m2/repository/org/eclipse/jetty/jetty-util/9.4.24.v20191120/jetty-util-9.4.24.v20191120.jar:/Users/liaosheng/.m2/repository/org/eclipse/jetty/jetty-io/9.4.24.v20191120/jetty-io-9.4.24.v20191120.jar:/Users/liaosheng/.m2/repository/org/eclipse/jetty/jetty-servlet/9.4.24.v20191120/jetty-servlet-9.4.24.v20191120.jar:/Users/liaosheng/.m2/repository/org/eclipse/jetty/jetty-security/9.4.24.v20191120/jetty-security-9.4.24.v20191120.jar:/Users/liaosheng/.m2/repository/com/fasterxml/jackson/core/jackson-databind/2.9.10.3/jackson-databind-2.9.10.3.jar:/Users/liaosheng/.m2/repository/com/fasterxml/jackson/core/jackson-annotations/2.9.10/jackson-annotations-2.9.10.jar:/Users/liaosheng/.m2/repository/com/fasterxml/jackson/core/jackson-core/2.9.10/jackson-core-2.9.10.jar:/Users/liaosheng/.m2/repository/com/googlecode/json-simple/json-simple/1.1.1/json-simple-1.1.1.jar:/Users/liaosheng/.m2/repository/org/bouncycastle/bcprov-jdk15on/1.60/bcprov-jdk15on-1.60.jar:/Users/liaosheng/.m2/repository/org/bouncycastle/bcpkix-jdk15on/1.60/bcpkix-jdk15on-1.60.jar:/Users/liaosheng/.m2/repository/jline/jline/2.11/jline-2.11.jar:/Users/liaosheng/.m2/repository/io/dropwizard/metrics/metrics-core/3.2.5/metrics-core-3.2.5.jar:/Users/liaosheng/.m2/repository/log4j/log4j/1.2.17/log4j-1.2.17.jar:/Users/liaosheng/.m2/repository/org/apache/kerby/kerb-core/2.0.0/kerb-core-2.0.0.jar:/Users/liaosheng/.m2/repository/org/apache/kerby/kerby-pkix/2.0.0/kerby-pkix-2.0.0.jar:/Users/liaosheng/.m2/repository/org/apache/kerby/kerby-asn1/2.0.0/kerby-asn1-2.0.0.jar:/Users/liaosheng/.m2/repository/org/apache/kerby/kerby-util/2.0.0/kerby-util-2.0.0.jar:/Users/liaosheng/.m2/repository/org/apache/kerby/kerb-simplekdc/2.0.0/kerb-simplekdc-2.0.0.jar:/Users/liaosheng/.m2/repository/org/apache/kerby/kerb-client/2.0.0/kerb-client-2.0.0.jar:/Users/liaosheng/.m2/repository/org/apache/kerby/kerb-common/2.0.0/kerb-common-2.0.0.jar:/Users/liaosheng/.m2/repository/org/apache/kerby/kerb-crypto/2.0.0/kerb-crypto-2.0.0.jar:/Users/liaosheng/.m2/repository/commons-io/commons-io/2.6/commons-io-2.6.jar:/Users/liaosheng/.m2/repository/org/apache/kerby/kerb-util/2.0.0/kerb-util-2.0.0.jar:/Users/liaosheng/.m2/repository/org/apache/kerby/token-provider/2.0.0/token-provider-2.0.0.jar:/Users/liaosheng/.m2/repository/com/nimbusds/nimbus-jose-jwt/4.41.2/nimbus-jose-jwt-4.41.2.jar:/Users/liaosheng/.m2/repository/com/github/stephenc/jcip/jcip-annotations/1.0-1/jcip-annotations-1.0-1.jar:/Users/liaosheng/.m2/repository/net/minidev/json-smart/2.3/json-smart-2.3.jar:/Users/liaosheng/.m2/repository/net/minidev/accessors-smart/1.2/accessors-smart-1.2.jar:/Users/liaosheng/.m2/repository/org/ow2/asm/asm/5.0.4/asm-5.0.4.jar:/Users/liaosheng/.m2/repository/org/apache/kerby/kerb-admin/2.0.0/kerb-admin-2.0.0.jar:/Users/liaosheng/.m2/repository/org/apache/kerby/kerb-server/2.0.0/kerb-server-2.0.0.jar:/Users/liaosheng/.m2/repository/org/apache/kerby/kerb-identity/2.0.0/kerb-identity-2.0.0.jar:/Users/liaosheng/.m2/repository/org/apache/kerby/kerby-xdr/2.0.0/kerby-xdr-2.0.0.jar:/Users/liaosheng/.m2/repository/org/apache/kerby/kerby-config/2.0.0/kerby-config-2.0.0.jar:/Users/liaosheng/.m2/repository/org/mockito/mockito-core/2.27.0/mockito-core-2.27.0.jar:/Users/liaosheng/.m2/repository/net/bytebuddy/byte-buddy/1.9.10/byte-buddy-1.9.10.jar:/Users/liaosheng/.m2/repository/net/bytebuddy/byte-buddy-agent/1.9.10/byte-buddy-agent-1.9.10.jar:/Users/liaosheng/.m2/repository/org/objenesis/objenesis/2.6/objenesis-2.6.jar:/Users/liaosheng/.m2/repository/org/jmockit/jmockit/1.48/jmockit-1.48.jar:/Users/liaosheng/.m2/repository/junit/junit/4.12/junit-4.12.jar:/Users/liaosheng/.m2/repository/org/hamcrest/hamcrest-core/1.3/hamcrest-core-1.3.jar:/Users/liaosheng/.m2/repository/org/xerial/snappy/snappy-java/1.1.7/snappy-java-1.1.7.jar:"/>
    <property name="java.vm.vendor" value="Oracle Corporation"/>
    <property name="sun.arch.data.model" value="64"/>
    <property name="java.vendor.url" value="http://java.oracle.com/"/>
    <property name="user.timezone" value=""/>
    <property name="java.vm.specification.version" value="1.8"/>
    <property name="os.name" value="Mac OS X"/>
    <property name="user.country" value="CN"/>
    <property name="sun.java.launcher" value="SUN_STANDARD"/>
    <property name="sun.boot.library.path" value="/Library/Java/JavaVirtualMachines/jdk1.8.0_191.jdk/Contents/Home/jre/lib"/>
    <property name="sun.java.command" value="/Users/liaosheng/project/apache-zookeeper-3.6.0/zookeeper-server/target/surefire/surefirebooter996397568806967022.jar /Users/liaosheng/project/apache-zookeeper-3.6.0/zookeeper-server/target/surefire 2020-03-18T17-35-41_016-jvmRun1 surefire7968227261978995450tmp surefire_28266662607337824286tmp"/>
    <property name="surefire.test.class.path" value="/Users/liaosheng/project/apache-zookeeper-3.6.0/zookeeper-server/target/test-classes:/Users/liaosheng/project/apache-zookeeper-3.6.0/zookeeper-server/target/classes:/Users/liaosheng/.m2/repository/com/github/spotbugs/spotbugs-annotations/3.1.9/spotbugs-annotations-3.1.9.jar:/Users/liaosheng/.m2/repository/com/google/code/findbugs/jsr305/3.0.2/jsr305-3.0.2.jar:/Users/liaosheng/.m2/repository/org/hamcrest/hamcrest-all/1.3/hamcrest-all-1.3.jar:/Users/liaosheng/.m2/repository/commons-collections/commons-collections/3.2.2/commons-collections-3.2.2.jar:/Users/liaosheng/.m2/repository/commons-lang/commons-lang/2.6/commons-lang-2.6.jar:/Users/liaosheng/project/apache-zookeeper-3.6.0/zookeeper-jute/target/zookeeper-jute-3.6.0.jar:/Users/liaosheng/.m2/repository/commons-cli/commons-cli/1.2/commons-cli-1.2.jar:/Users/liaosheng/.m2/repository/org/apache/yetus/audience-annotations/0.5.0/audience-annotations-0.5.0.jar:/Users/liaosheng/.m2/repository/io/netty/netty-handler/4.1.45.Final/netty-handler-4.1.45.Final.jar:/Users/liaosheng/.m2/repository/io/netty/netty-common/4.1.45.Final/netty-common-4.1.45.Final.jar:/Users/liaosheng/.m2/repository/io/netty/netty-buffer/4.1.45.Final/netty-buffer-4.1.45.Final.jar:/Users/liaosheng/.m2/repository/io/netty/netty-transport/4.1.45.Final/netty-transport-4.1.45.Final.jar:/Users/liaosheng/.m2/repository/io/netty/netty-resolver/4.1.45.Final/netty-resolver-4.1.45.Final.jar:/Users/liaosheng/.m2/repository/io/netty/netty-codec/4.1.45.Final/netty-codec-4.1.45.Final.jar:/Users/liaosheng/.m2/repository/io/netty/netty-transport-native-epoll/4.1.45.Final/netty-transport-native-epoll-4.1.45.Final.jar:/Users/liaosheng/.m2/repository/io/netty/netty-transport-native-unix-common/4.1.45.Final/netty-transport-native-unix-common-4.1.45.Final.jar:/Users/liaosheng/.m2/repository/org/slf4j/slf4j-api/1.7.25/slf4j-api-1.7.25.jar:/Users/liaosheng/.m2/repository/org/slf4j/slf4j-log4j12/1.7.25/slf4j-log4j12-1.7.25.jar:/Users/liaosheng/.m2/repository/org/eclipse/jetty/jetty-server/9.4.24.v20191120/jetty-server-9.4.24.v20191120.jar:/Users/liaosheng/.m2/repository/javax/servlet/javax.servlet-api/3.1.0/javax.servlet-api-3.1.0.jar:/Users/liaosheng/.m2/repository/org/eclipse/jetty/jetty-http/9.4.24.v20191120/jetty-http-9.4.24.v20191120.jar:/Users/liaosheng/.m2/repository/org/eclipse/jetty/jetty-util/9.4.24.v20191120/jetty-util-9.4.24.v20191120.jar:/Users/liaosheng/.m2/repository/org/eclipse/jetty/jetty-io/9.4.24.v20191120/jetty-io-9.4.24.v20191120.jar:/Users/liaosheng/.m2/repository/org/eclipse/jetty/jetty-servlet/9.4.24.v20191120/jetty-servlet-9.4.24.v20191120.jar:/Users/liaosheng/.m2/repository/org/eclipse/jetty/jetty-security/9.4.24.v20191120/jetty-security-9.4.24.v20191120.jar:/Users/liaosheng/.m2/repository/com/fasterxml/jackson/core/jackson-databind/2.9.10.3/jackson-databind-2.9.10.3.jar:/Users/liaosheng/.m2/repository/com/fasterxml/jackson/core/jackson-annotations/2.9.10/jackson-annotations-2.9.10.jar:/Users/liaosheng/.m2/repository/com/fasterxml/jackson/core/jackson-core/2.9.10/jackson-core-2.9.10.jar:/Users/liaosheng/.m2/repository/com/googlecode/json-simple/json-simple/1.1.1/json-simple-1.1.1.jar:/Users/liaosheng/.m2/repository/org/bouncycastle/bcprov-jdk15on/1.60/bcprov-jdk15on-1.60.jar:/Users/liaosheng/.m2/repository/org/bouncycastle/bcpkix-jdk15on/1.60/bcpkix-jdk15on-1.60.jar:/Users/liaosheng/.m2/repository/jline/jline/2.11/jline-2.11.jar:/Users/liaosheng/.m2/repository/io/dropwizard/metrics/metrics-core/3.2.5/metrics-core-3.2.5.jar:/Users/liaosheng/.m2/repository/log4j/log4j/1.2.17/log4j-1.2.17.jar:/Users/liaosheng/.m2/repository/org/apache/kerby/kerb-core/2.0.0/kerb-core-2.0.0.jar:/Users/liaosheng/.m2/repository/org/apache/kerby/kerby-pkix/2.0.0/kerby-pkix-2.0.0.jar:/Users/liaosheng/.m2/repository/org/apache/kerby/kerby-asn1/2.0.0/kerby-asn1-2.0.0.jar:/Users/liaosheng/.m2/repository/org/apache/kerby/kerby-util/2.0.0/kerby-util-2.0.0.jar:/Users/liaosheng/.m2/repository/org/apache/kerby/kerb-simplekdc/2.0.0/kerb-simplekdc-2.0.0.jar:/Users/liaosheng/.m2/repository/org/apache/kerby/kerb-client/2.0.0/kerb-client-2.0.0.jar:/Users/liaosheng/.m2/repository/org/apache/kerby/kerb-common/2.0.0/kerb-common-2.0.0.jar:/Users/liaosheng/.m2/repository/org/apache/kerby/kerb-crypto/2.0.0/kerb-crypto-2.0.0.jar:/Users/liaosheng/.m2/repository/commons-io/commons-io/2.6/commons-io-2.6.jar:/Users/liaosheng/.m2/repository/org/apache/kerby/kerb-util/2.0.0/kerb-util-2.0.0.jar:/Users/liaosheng/.m2/repository/org/apache/kerby/token-provider/2.0.0/token-provider-2.0.0.jar:/Users/liaosheng/.m2/repository/com/nimbusds/nimbus-jose-jwt/4.41.2/nimbus-jose-jwt-4.41.2.jar:/Users/liaosheng/.m2/repository/com/github/stephenc/jcip/jcip-annotations/1.0-1/jcip-annotations-1.0-1.jar:/Users/liaosheng/.m2/repository/net/minidev/json-smart/2.3/json-smart-2.3.jar:/Users/liaosheng/.m2/repository/net/minidev/accessors-smart/1.2/accessors-smart-1.2.jar:/Users/liaosheng/.m2/repository/org/ow2/asm/asm/5.0.4/asm-5.0.4.jar:/Users/liaosheng/.m2/repository/org/apache/kerby/kerb-admin/2.0.0/kerb-admin-2.0.0.jar:/Users/liaosheng/.m2/repository/org/apache/kerby/kerb-server/2.0.0/kerb-server-2.0.0.jar:/Users/liaosheng/.m2/repository/org/apache/kerby/kerb-identity/2.0.0/kerb-identity-2.0.0.jar:/Users/liaosheng/.m2/repository/org/apache/kerby/kerby-xdr/2.0.0/kerby-xdr-2.0.0.jar:/Users/liaosheng/.m2/repository/org/apache/kerby/kerby-config/2.0.0/kerby-config-2.0.0.jar:/Users/liaosheng/.m2/repository/org/mockito/mockito-core/2.27.0/mockito-core-2.27.0.jar:/Users/liaosheng/.m2/repository/net/bytebuddy/byte-buddy/1.9.10/byte-buddy-1.9.10.jar:/Users/liaosheng/.m2/repository/net/bytebuddy/byte-buddy-agent/1.9.10/byte-buddy-agent-1.9.10.jar:/Users/liaosheng/.m2/repository/org/objenesis/objenesis/2.6/objenesis-2.6.jar:/Users/liaosheng/.m2/repository/org/jmockit/jmockit/1.48/jmockit-1.48.jar:/Users/liaosheng/.m2/repository/junit/junit/4.12/junit-4.12.jar:/Users/liaosheng/.m2/repository/org/hamcrest/hamcrest-core/1.3/hamcrest-core-1.3.jar:/Users/liaosheng/.m2/repository/org/xerial/snappy/snappy-java/1.1.7/snappy-java-1.1.7.jar:"/>
    <property name="sun.cpu.endian" value="little"/>
    <property name="user.home" value="/Users/liaosheng"/>
    <property name="user.language" value="zh"/>
    <property name="java.specification.vendor" value="Oracle Corporation"/>
    <property name="java.home" value="/Library/Java/JavaVirtualMachines/jdk1.8.0_191.jdk/Contents/Home/jre"/>
    <property name="zookeeper.DigestAuthenticationProvider.superDigest" value="super:D/InIHSb7yEEbrWz8b9l71RjZJU="/>
    <property name="basedir" value="/Users/liaosheng/project/apache-zookeeper-3.6.0/zookeeper-server"/>
    <property name="file.separator" value="/"/>
    <property name="line.separator" value="&#10;"/>
    <property name="java.vm.specification.vendor" value="Oracle Corporation"/>
    <property name="java.specification.name" value="Java Platform API Specification"/>
    <property name="java.awt.graphicsenv" value="sun.awt.CGraphicsEnvironment"/>
    <property name="test.junit.threads" value="8"/>
    <property name="surefire.real.class.path" value="/Users/liaosheng/project/apache-zookeeper-3.6.0/zookeeper-server/target/surefire/surefirebooter996397568806967022.jar:/Users/liaosheng/.m2/repository/org/jmockit/jmockit/1.48/jmockit-1.48.jar"/>
    <property name="zookeeper.junit.threadid" value="1"/>
    <property name="sun.boot.class.path" value="/Library/Java/JavaVirtualMachines/jdk1.8.0_191.jdk/Contents/Home/jre/lib/resources.jar:/Library/Java/JavaVirtualMachines/jdk1.8.0_191.jdk/Contents/Home/jre/lib/rt.jar:/Library/Java/JavaVirtualMachines/jdk1.8.0_191.jdk/Contents/Home/jre/lib/sunrsasign.jar:/Library/Java/JavaVirtualMachines/jdk1.8.0_191.jdk/Contents/Home/jre/lib/jsse.jar:/Library/Java/JavaVirtualMachines/jdk1.8.0_191.jdk/Contents/Home/jre/lib/jce.jar:/Library/Java/JavaVirtualMachines/jdk1.8.0_191.jdk/Contents/Home/jre/lib/charsets.jar:/Library/Java/JavaVirtualMachines/jdk1.8.0_191.jdk/Contents/Home/jre/lib/jfr.jar:/Library/Java/JavaVirtualMachines/jdk1.8.0_191.jdk/Contents/Home/jre/classes"/>
    <property name="sun.management.compiler" value="HotSpot 64-Bit Tiered Compilers"/>
    <property name="java.runtime.version" value="1.8.0_191-b12"/>
    <property name="user.name" value="liaosheng"/>
    <property name="path.separator" value=":"/>
    <property name="os.version" value="10.14.5"/>
    <property name="java.endorsed.dirs" value="/Library/Java/JavaVirtualMachines/jdk1.8.0_191.jdk/Contents/Home/jre/lib/endorsed"/>
    <property name="java.runtime.name" value="Java(TM) SE Runtime Environment"/>
    <property name="file.encoding" value="UTF-8"/>
    <property name="java.vm.name" value="Java HotSpot(TM) 64-Bit Server VM"/>
    <property name="localRepository" value="/Users/liaosheng/.m2/repository"/>
    <property name="java.vendor.url.bug" value="http://bugreport.sun.com/bugreport/"/>
    <property name="java.io.tmpdir" value="/var/folders/c9/j1lmbpys2t38k93k9_tlj4100000gp/T/"/>
    <property name="java.version" value="1.8.0_191"/>
    <property name="user.dir" value="/Users/liaosheng/project/apache-zookeeper-3.6.0/zookeeper-server"/>
    <property name="os.arch" value="x86_64"/>
    <property name="java.vm.specification.name" value="Java Virtual Machine Specification"/>
    <property name="java.awt.printerjob" value="sun.lwawt.macosx.CPrinterJob"/>
    <property name="sun.os.patch.level" value="unknown"/>
    <property name="idea.version2019.3.3" value="true"/>
    <property name="java.library.path" value="/Users/liaosheng/Library/Java/Extensions:/Library/Java/Extensions:/Network/Library/Java/Extensions:/System/Library/Java/Extensions:/usr/lib/java:."/>
    <property name="java.vm.info" value="mixed mode"/>
    <property name="java.vendor" value="Oracle Corporation"/>
    <property name="java.vm.version" value="25.191-b12"/>
    <property name="java.ext.dirs" value="/Users/liaosheng/Library/Java/Extensions:/Library/Java/JavaVirtualMachines/jdk1.8.0_191.jdk/Contents/Home/jre/lib/ext:/Library/Java/Extensions:/Network/Library/Java/Extensions:/System/Library/Java/Extensions:/usr/lib/java"/>
    <property name="sun.io.unicode.encoding" value="UnicodeBig"/>
    <property name="java.class.version" value="52.0"/>
  </properties>
  <testcase name="testAuth" classname="org.apache.zookeeper.SaslAuthTest" time="3.121"/>
  <testcase name="testZKOperationsAfterClientSaslAuthFailure" classname="org.apache.zookeeper.SaslAuthTest" time="30.066">
    <error message="Failed to connect to ZooKeeper server." type="java.util.concurrent.TimeoutException">java.util.concurrent.TimeoutException: Failed to connect to ZooKeeper server.
	at org.apache.zookeeper.SaslAuthTest.testZKOperationsAfterClientSaslAuthFailure(SaslAuthTest.java:172)
</error>
    <system-out><![CDATA[2020-03-18 17:36:17,480 [myid:] - INFO  [main:PortAssignment@87] - Assigned port 11223 from range 11221 - 13913.
2020-03-18 17:36:17,481 [myid:] - INFO  [main:ZKTestCase$1@86] - STARTING testZKOperationsAfterClientSaslAuthFailure
2020-03-18 17:36:17,481 [myid:] - INFO  [main:ClientBase@486] - Initial fdcount is: 92
2020-03-18 17:36:17,482 [myid:] - INFO  [main:JMXEnv@58] - connecting to addr service:jmx:rmi://127.0.0.1/stub/rO0ABXNyAC5qYXZheC5tYW5hZ2VtZW50LnJlbW90ZS5ybWkuUk1JU2VydmVySW1wbF9TdHViAAAAAAAAAAICAAB4cgAaamF2YS5ybWkuc2VydmVyLlJlbW90ZVN0dWLp/tzJi+FlGgIAAHhyABxqYXZhLnJtaS5zZXJ2ZXIuUmVtb3RlT2JqZWN002G0kQxhMx4DAAB4cHc3AAtVbmljYXN0UmVmMgAADDE3Mi4xOC4xNC4zNAAA0riDjC1SF/RK7WUMXP0AAAFw7QAlgIAMAHg=
2020-03-18 17:36:17,490 [myid:] - INFO  [main:ClientBase@514] - STARTING server
2020-03-18 17:36:17,490 [myid:] - INFO  [main:ClientBase@423] - CREATING server instance 127.0.0.1:11223
2020-03-18 17:36:17,491 [myid:] - INFO  [main:ServerCnxnFactory@169] - Using org.apache.zookeeper.server.NIOServerCnxnFactory as server connection factory
2020-03-18 17:36:17,491 [myid:] - INFO  [main:Login@320] - Server successfully logged in.
2020-03-18 17:36:17,491 [myid:] - WARN  [main:ServerCnxnFactory@309] - maxCnxns is not configured, using default value 0.
2020-03-18 17:36:17,491 [myid:] - INFO  [main:NIOServerCnxnFactory@666] - Configuring NIO connection handler with 10s sessionless connection timeout, 1 selector thread(s), 8 worker threads, and 64 kB direct buffers.
2020-03-18 17:36:17,492 [myid:] - INFO  [main:NIOServerCnxnFactory@674] - binding to port 0.0.0.0/0.0.0.0:11223
2020-03-18 17:36:17,492 [myid:] - INFO  [main:ClientBase@395] - STARTING server instance 127.0.0.1:11223
2020-03-18 17:36:17,492 [myid:] - INFO  [main:FileTxnSnapLog@124] - zookeeper.snapshot.trust.empty : false
2020-03-18 17:36:17,493 [myid:] - INFO  [main:WatchManagerFactory@42] - Using org.apache.zookeeper.server.watch.WatchManager as watch manager
2020-03-18 17:36:17,493 [myid:] - INFO  [main:WatchManagerFactory@42] - Using org.apache.zookeeper.server.watch.WatchManager as watch manager
2020-03-18 17:36:17,493 [myid:] - INFO  [main:ZKDatabase@132] - zookeeper.snapshotSizeFactor = 0.33
2020-03-18 17:36:17,494 [myid:] - INFO  [main:ZKDatabase@152] - zookeeper.commitLogCount=500
2020-03-18 17:36:17,494 [myid:] - INFO  [main:ZooKeeperServer@1246] - minSessionTimeout set to 6000
2020-03-18 17:36:17,494 [myid:] - INFO  [main:ZooKeeperServer@1255] - maxSessionTimeout set to 60000
2020-03-18 17:36:17,494 [myid:] - INFO  [main:ResponseCache@45] - Response cache size is initialized with value 400.
2020-03-18 17:36:17,494 [myid:] - INFO  [main:ResponseCache@45] - Response cache size is initialized with value 400.
2020-03-18 17:36:17,494 [myid:] - INFO  [main:RequestPathMetricsCollector@111] - zookeeper.pathStats.slotCapacity = 60
2020-03-18 17:36:17,494 [myid:] - INFO  [main:RequestPathMetricsCollector@112] - zookeeper.pathStats.slotDuration = 15
2020-03-18 17:36:17,495 [myid:] - INFO  [main:RequestPathMetricsCollector@113] - zookeeper.pathStats.maxDepth = 6
2020-03-18 17:36:17,495 [myid:] - INFO  [main:RequestPathMetricsCollector@114] - zookeeper.pathStats.initialDelay = 5
2020-03-18 17:36:17,495 [myid:] - INFO  [main:RequestPathMetricsCollector@115] - zookeeper.pathStats.delay = 5
2020-03-18 17:36:17,495 [myid:] - INFO  [main:RequestPathMetricsCollector@116] - zookeeper.pathStats.enabled = false
2020-03-18 17:36:17,495 [myid:] - INFO  [main:ZooKeeperServer@1470] - The max bytes for all large requests are set to 104857600
2020-03-18 17:36:17,495 [myid:] - INFO  [main:ZooKeeperServer@1484] - The large request threshold is set to -1
2020-03-18 17:36:17,496 [myid:] - INFO  [main:ZooKeeperServer@329] - Created server with tickTime 3000 minSessionTimeout 6000 maxSessionTimeout 60000 clientPortListenBacklog -1 datadir /Users/liaosheng/project/apache-zookeeper-3.6.0/zookeeper-server/target/surefire/test6196670760534229392.junit.dir/version-2 snapdir /Users/liaosheng/project/apache-zookeeper-3.6.0/zookeeper-server/target/surefire/test6196670760534229392.junit.dir/version-2
2020-03-18 17:36:17,496 [myid:] - INFO  [main:FileTxnSnapLog@251] - Initialize file found, an empty database will not block voting participation
2020-03-18 17:36:17,497 [myid:] - INFO  [main:FileTxnSnapLog@470] - Snapshotting: 0x0 to /Users/liaosheng/project/apache-zookeeper-3.6.0/zookeeper-server/target/surefire/test6196670760534229392.junit.dir/version-2/snapshot.0
2020-03-18 17:36:17,500 [myid:] - INFO  [main:ZKDatabase@289] - Snapshot loaded in 4 ms, highest zxid is 0x0, digest is 1371985504
2020-03-18 17:36:17,500 [myid:] - INFO  [main:FileTxnSnapLog@470] - Snapshotting: 0x0 to /Users/liaosheng/project/apache-zookeeper-3.6.0/zookeeper-server/target/surefire/test6196670760534229392.junit.dir/version-2/snapshot.0
2020-03-18 17:36:17,501 [myid:] - INFO  [main:ZooKeeperServer@519] - Snapshot taken in 1 ms
2020-03-18 17:36:17,502 [myid:] - INFO  [main:FourLetterWordMain@93] - connecting to 127.0.0.1 11223
2020-03-18 17:36:17,504 [myid:] - INFO  [NIOWorkerThread-1:NIOServerCnxn@507] - Processing stat command from /127.0.0.1:54158
2020-03-18 17:36:17,505 [myid:] - INFO  [NIOWorkerThread-1:StatCommand@52] - Stat command output
2020-03-18 17:36:17,505 [myid:] - INFO  [main:JMXEnv@219] - ensureParent:[InMemoryDataTree, StandaloneServer_port]
2020-03-18 17:36:17,507 [myid:] - INFO  [main:JMXEnv@235] - expect:InMemoryDataTree
2020-03-18 17:36:17,507 [myid:] - INFO  [main:JMXEnv@239] - found:InMemoryDataTree org.apache.ZooKeeperService:name0=StandaloneServer_port11223,name1=InMemoryDataTree
2020-03-18 17:36:17,507 [myid:] - INFO  [main:JMXEnv@235] - expect:StandaloneServer_port
2020-03-18 17:36:17,507 [myid:] - INFO  [main:JMXEnv@239] - found:StandaloneServer_port org.apache.ZooKeeperService:name0=StandaloneServer_port11223
2020-03-18 17:36:17,507 [myid:] - INFO  [main:ClientBase@501] - Client test setup finished
2020-03-18 17:36:17,508 [myid:] - INFO  [main:JUnit4ZKTestRunner$LoggedInvokeMethod@84] - RUNNING TEST METHOD testZKOperationsAfterClientSaslAuthFailure
2020-03-18 17:36:17,508 [myid:] - INFO  [main:ZooKeeper@1005] - Initiating client connection, connectString=127.0.0.1:11223 sessionTimeout=30000 watcher=org.apache.zookeeper.test.ClientBase$CountdownWatcher@6dde5c8c
2020-03-18 17:36:17,508 [myid:] - INFO  [main:ClientCnxnSocket@239] - jute.maxbuffer value is 1048575 Bytes
2020-03-18 17:36:17,509 [myid:] - INFO  [main:ClientCnxn@1703] - zookeeper.request.timeout value is 0. feature enabled=false
2020-03-18 17:36:17,514 [myid:127.0.0.1:11223] - INFO  [main-SendThread(127.0.0.1:11223):Login@320] - Client successfully logged in.
2020-03-18 17:36:17,515 [myid:127.0.0.1:11223] - INFO  [main-SendThread(127.0.0.1:11223):SecurityUtils@70] - Client will use DIGEST-MD5 as SASL mechanism.
2020-03-18 17:36:17,515 [myid:127.0.0.1:11223] - INFO  [main-SendThread(127.0.0.1:11223):ClientCnxn$SendThread@1154] - Opening socket connection to server localhost/127.0.0.1:11223.
2020-03-18 17:36:17,515 [myid:127.0.0.1:11223] - INFO  [main-SendThread(127.0.0.1:11223):ClientCnxn$SendThread@1156] - SASL config status: Will attempt to SASL-authenticate using Login Context section 'Client'
2020-03-18 17:36:17,516 [myid:127.0.0.1:11223] - INFO  [main-SendThread(127.0.0.1:11223):ClientCnxn$SendThread@986] - Socket connection established, initiating session, client: /127.0.0.1:54159, server: localhost/127.0.0.1:11223
2020-03-18 17:36:17,517 [myid:] - INFO  [SyncThread:0:FileTxnLog@284] - Creating new log file: log.1
2020-03-18 17:36:17,519 [myid:127.0.0.1:11223] - INFO  [main-SendThread(127.0.0.1:11223):ClientCnxn$SendThread@1420] - Session establishment complete on server localhost/127.0.0.1:11223, session id = 0x100015a93a90000, negotiated timeout = 30000
2020-03-18 17:36:17,522 [myid:] - INFO  [NIOWorkerThread-6:SaslServerCallbackHandler@119] - Successfully authenticated client: authenticationID=super;  authorizationID=super.
2020-03-18 17:36:17,522 [myid:] - INFO  [NIOWorkerThread-6:SaslServerCallbackHandler@135] - Setting authorizedID: super
2020-03-18 17:36:17,523 [myid:] - INFO  [NIOWorkerThread-6:ZooKeeperServer@1652] - adding SASL authorization for authorizationID: super
2020-03-18 17:36:20,248 [myid:] - INFO  [SessionTracker:SessionTrackerImpl@170] - SessionTrackerImpl exited loop!
2020-03-18 17:36:47,521 [myid:] - WARN  [main:JUnit4ZKTestRunner$LoggedInvokeMethod@105] - TEST METHOD FAILED testZKOperationsAfterClientSaslAuthFailure
java.util.concurrent.TimeoutException: Failed to connect to ZooKeeper server.
	at org.apache.zookeeper.test.ClientBase$CountdownWatcher.waitForConnected(ClientBase.java:138)
	at org.apache.zookeeper.SaslAuthTest.testZKOperationsAfterClientSaslAuthFailure(SaslAuthTest.java:172)
	at org.apache.zookeeper.JUnit4ZKTestRunner$LoggedInvokeMethod.evaluate(JUnit4ZKTestRunner.java:86)
2020-03-18 17:36:47,523 [myid:] - INFO  [main:ClientBase@583] - tearDown starting
2020-03-18 17:36:47,523 [myid:] - INFO  [main:ClientBase@557] - STOPPING server
2020-03-18 17:36:47,524 [myid:] - INFO  [ConnnectionExpirer:NIOServerCnxnFactory$ConnectionExpirerThread@578] - ConnnectionExpirerThread interrupted
2020-03-18 17:36:47,525 [myid:] - INFO  [NIOServerCxnFactory.AcceptThread:0.0.0.0/0.0.0.0:11223:NIOServerCnxnFactory$AcceptThread@209] - accept thread exitted run method
2020-03-18 17:36:47,525 [myid:] - INFO  [NIOServerCxnFactory.SelectorThread-0:NIOServerCnxnFactory$SelectorThread@411] - selector thread exitted run method
2020-03-18 17:36:47,527 [myid:] - INFO  [main:ZooKeeperServer@784] - shutting down
2020-03-18 17:36:47,527 [myid:] - INFO  [main:RequestThrottler@244] - Shutting down
2020-03-18 17:36:47,527 [myid:127.0.0.1:11223] - WARN  [main-SendThread(127.0.0.1:11223):ClientCnxn$SendThread@1272] - Session 0x100015a93a90000 for sever localhost/127.0.0.1:11223, Closing socket connection. Attempting reconnect except it is a SessionExpiredException.
EndOfStreamException: Unable to read additional data from server sessionid 0x100015a93a90000, likely server has closed socket
	at org.apache.zookeeper.ClientCnxnSocketNIO.doIO(ClientCnxnSocketNIO.java:75)
	at org.apache.zookeeper.ClientCnxnSocketNIO.doTransport(ClientCnxnSocketNIO.java:348)
	at org.apache.zookeeper.ClientCnxn$SendThread.run(ClientCnxn.java:1262)
2020-03-18 17:36:47,527 [myid:] - INFO  [RequestThrottler:RequestThrottler@205] - Draining request throttler queue
2020-03-18 17:36:47,527 [myid:] - INFO  [RequestThrottler:RequestThrottler@181] - RequestThrottler shutdown. Dropped 0 requests
2020-03-18 17:36:47,528 [myid:] - INFO  [main:SessionTrackerImpl@247] - Shutting down
2020-03-18 17:36:47,529 [myid:] - INFO  [main:PrepRequestProcessor@1047] - Shutting down
2020-03-18 17:36:47,530 [myid:] - INFO  [main:SyncRequestProcessor@256] - Shutting down
2020-03-18 17:36:47,531 [myid:] - INFO  [ProcessThread(sid:0 cport:11223)::PrepRequestProcessor@159] - PrepRequestProcessor exited loop!
2020-03-18 17:36:47,531 [myid:] - INFO  [SyncThread:0:SyncRequestProcessor@225] - SyncRequestProcessor exited!
2020-03-18 17:36:47,531 [myid:] - INFO  [main:FinalRequestProcessor@662] - shutdown of request processor complete
2020-03-18 17:36:47,533 [myid:] - INFO  [main:FourLetterWordMain@93] - connecting to 127.0.0.1 11223
2020-03-18 17:36:47,534 [myid:] - INFO  [main:JMXEnv@142] - ensureOnly:[]
2020-03-18 17:36:47,539 [myid:] - INFO  [main:ClientBase@607] - fdcount after test is: 96 at start it was 92
2020-03-18 17:36:47,539 [myid:] - INFO  [main:ClientBase@609] - sleeping for 20 secs
2020-03-18 17:36:47,540 [myid:] - ERROR [main:ZKTestCase$1@101] - FAILED testZKOperationsAfterClientSaslAuthFailure
java.util.concurrent.TimeoutException: Failed to connect to ZooKeeper server.
	at org.apache.zookeeper.test.ClientBase$CountdownWatcher.waitForConnected(ClientBase.java:138)
	at org.apache.zookeeper.SaslAuthTest.testZKOperationsAfterClientSaslAuthFailure(SaslAuthTest.java:172)
	at org.apache.zookeeper.JUnit4ZKTestRunner$LoggedInvokeMethod.evaluate(JUnit4ZKTestRunner.java:86)
2020-03-18 17:36:47,540 [myid:] - INFO  [main:ZKTestCase$1@91] - FINISHED testZKOperationsAfterClientSaslAuthFailure
]]></system-out>
  </testcase>
  <testcase name="testInvalidSaslIds" classname="org.apache.zookeeper.SaslAuthTest" time="0.169"/>
  <testcase name="testThreadsShutdownOnAuthFailed" classname="org.apache.zookeeper.SaslAuthTest" time="0.163"/>
  <testcase name="testValidSaslIds" classname="org.apache.zookeeper.SaslAuthTest" time="0.163"/>
</testsuite>